<?xml version="1.0" encoding="UTF-8"?>
<!-- Generated by org.testng.reporters.JUnitReportReporter -->
<testsuite hostname="INLEN8520087173" failures="0" tests="2" name="com.app.tests.Tests" time="71.283" errors="0" timestamp="2023-01-09T17:49:04 IST" skipped="0">
  <testcase classname="com.app.tests.Tests" name="verifySearchResults" time="8.768"/>
  <system-out/>
  <testcase classname="com.app.tests.Tests" name="addTobag" time="62.515"/>
  <system-out/>
</testsuite> <!-- com.app.tests.Tests -->
