<?xml version="1.0" encoding="UTF-8"?>
<!-- Generated by org.testng.reporters.JUnitReportReporter -->
<testsuite hostname="INLEN8520087173" failures="0" tests="1" name="com.app.tests.AddToBagTest" time="66.668" errors="0" timestamp="2023-01-10T12:41:56 IST" skipped="0">
  <testcase classname="com.app.tests.AddToBagTest" name="addTobag" time="66.668"/>
  <system-out/>
</testsuite> <!-- com.app.tests.AddToBagTest -->
